[demos.creative-tim.com/soft-ui-dashboard/pages/dashboard.html]
[demos.creative-tim.com/soft-ui-dashboard/assets/img/apple-icon.png]
[demos.creative-tim.com/soft-ui-dashboard/assets/img/favicon.png]
[backblue.gif]
[fade.gif]
[index.html]
[demos.creative-tim.com/soft-ui-dashboard/assets/css/nucleo-icons.css]
[demos.creative-tim.com/soft-ui-dashboard/assets/css/nucleo-svg.css]
[kit.fontawesome.com/42d5adcbca.js]
[demos.creative-tim.com/soft-ui-dashboard/assets/css/soft-ui-dashboard.minf2ad.css]
[www.google-analytics.com/analytics.js]
[api.nepcha.com/js/nepcha-analytics.js]
[demos.creative-tim.com/soft-ui-dashboard/assets/img/logo-ct-dark.png]
[demos.creative-tim.com/soft-ui-dashboard/pages/tables.html]
[demos.creative-tim.com/soft-ui-dashboard/pages/billing.html]
[demos.creative-tim.com/soft-ui-dashboard/pages/virtual-reality.html]
[demos.creative-tim.com/soft-ui-dashboard/pages/rtl.html]
[demos.creative-tim.com/soft-ui-dashboard/pages/profile.html]
[demos.creative-tim.com/soft-ui-dashboard/pages/sign-in.html]
[demos.creative-tim.com/soft-ui-dashboard/pages/sign-up.html]
[demos.creative-tim.com/soft-ui-dashboard/assets/img/curved-images/white-curved.jpg]
[demos.creative-tim.com/soft-ui-dashboard/assets/img/team-2.jpg]
[demos.creative-tim.com/soft-ui-dashboard/assets/img/illustrations/rocket-white.png]
[demos.creative-tim.com/soft-ui-dashboard/assets/img/ivancik.jpg]
[demos.creative-tim.com/soft-ui-dashboard/assets/img/team-1.jpg]
[demos.creative-tim.com/soft-ui-dashboard/assets/img/team-3.jpg]
[demos.creative-tim.com/soft-ui-dashboard/assets/img/team-4.jpg]
[demos.creative-tim.com/soft-ui-dashboard/assets/js/core/popper.min.js]
[demos.creative-tim.com/soft-ui-dashboard/assets/js/core/bootstrap.min.js]
[demos.creative-tim.com/soft-ui-dashboard/assets/js/plugins/perfect-scrollbar.min.js]
[demos.creative-tim.com/soft-ui-dashboard/assets/js/plugins/smooth-scrollbar.min.js]
[demos.creative-tim.com/soft-ui-dashboard/assets/js/plugins/chartjs.min.js]
[buttons.github.io/buttons.js]
[demos.creative-tim.com/soft-ui-dashboard/assets/js/soft-ui-dashboard.minf2ad.js]
[demos.creative-tim.com/soft-ui-dashboard/pages/dashboard.html]
[s3.amazonaws.com/creativetim_bucket/products/450/original/opt_sd_free_thumbnail.png]
[demos.creative-tim.com/soft-ui-dashboard/assets/css/nucleo-icons.css]
[demos.creative-tim.com/soft-ui-dashboard/assets/css/nucleo-svg.css]
[demos.creative-tim.com/soft-ui-dashboard/assets/css/soft-ui-dashboard.minf2ad.css]
[www.googletagmanager.com/gtm5445.html]
[demos.creative-tim.com/soft-ui-dashboard/pages/tables.html]
[demos.creative-tim.com/cdn-cgi/scripts/5c5dd728/cloudflare-static/email-decode.min.js]
[demos.creative-tim.com/soft-ui-dashboard/assets/img/curved-images/curved14.jpg]
[demos.creative-tim.com/soft-ui-dashboard/assets/img/logos/mastercard.png]
[demos.creative-tim.com/soft-ui-dashboard/assets/img/logos/visa.png]
[demos.creative-tim.com/soft-ui-dashboard/pages/billing.html]
[demos.creative-tim.com/soft-ui-dashboard/pages/virtual-reality.html]
[demos.creative-tim.com/soft-ui-dashboard/pages/rtl.html]
[demos.creative-tim.com/soft-ui-dashboard/assets/img/bruce-mars.jpg]
[demos.creative-tim.com/soft-ui-dashboard/assets/img/kal-visuals-square.jpg]
[demos.creative-tim.com/soft-ui-dashboard/assets/img/marie.jpg]
[demos.creative-tim.com/soft-ui-dashboard/assets/img/ivana-square.jpg]
[demos.creative-tim.com/soft-ui-dashboard/assets/img/home-decor-1.jpg]
[demos.creative-tim.com/soft-ui-dashboard/assets/img/home-decor-2.jpg]
[demos.creative-tim.com/soft-ui-dashboard/assets/img/home-decor-3.jpg]
[demos.creative-tim.com/soft-ui-dashboard/pages/profile.html]
[demos.creative-tim.com/soft-ui-dashboard/assets/img/curved-images/curved6.jpg]
[demos.creative-tim.com/soft-ui-dashboard/pages/sign-in.html]
[demos.creative-tim.com/soft-ui-dashboard/pages/sign-up.html]
[demos.creative-tim.com/soft-ui-dashboard/assets/img/vr-bg.jpg]
[demos.creative-tim.com/soft-ui-dashboard/assets/img/small-logos/icon-sun-cloud.png]
[demos.creative-tim.com/soft-ui-dashboard/assets/js/plugins/fullcalendar.min.js]
[demos.creative-tim.com/soft-ui-dashboard/assets/js/plugins/choices.min.js]
[demos.creative-tim.com/soft-ui-dashboard/assets/img/curved-images/curved0.jpg]
[demos.creative-tim.com/soft-ui-dashboard/assets/img/curved-images/curved1.jpg]
[demos.creative-tim.com/soft-ui-dashboard/assets/js/plugins/fullcalendar.min.js]
[demos.creative-tim.com/soft-ui-dashboard/assets/js/plugins/choices.min.js]
